[2016-04-29 02:50:36] production.ERROR: RuntimeException: Invalid filename provided. in /home/vagrant/Code/vendor/classpreloader/classpreloader/src/ClassPreloader.php:114
Stack trace:
#0 /home/vagrant/Code/vendor/laravel/framework/src/Illuminate/Foundation/Console/OptimizeCommand.php(83): ClassPreloader\ClassPreloader->getCode(false, false)
#1 /home/vagrant/Code/vendor/laravel/framework/src/Illuminate/Foundation/Console/OptimizeCommand.php(64): Illuminate\Foundation\Console\OptimizeCommand->compileClasses()
#2 [internal function]: Illuminate\Foundation\Console\OptimizeCommand->fire()
#3 /home/vagrant/Code/vendor/laravel/framework/src/Illuminate/Container/Container.php(507): call_user_func_array(Array, Array)
#4 /home/vagrant/Code/vendor/laravel/framework/src/Illuminate/Console/Command.php(169): Illuminate\Container\Container->call(Array)
#5 /home/vagrant/Code/vendor/symfony/symfony/src/Symfony/Component/Console/Command/Command.php(256): Illuminate\Console\Command->execute(Object(Symfony\Component\Console\Input\ArgvInput), Object(Symfony\Component\Console\Output\ConsoleOutput))
#6 /home/vagrant/Code/vendor/laravel/framework/src/Illuminate/Console/Command.php(155): Symfony\Component\Console\Command\Command->run(Object(Symfony\Component\Console\Input\ArgvInput), Object(Symfony\Component\Console\Output\ConsoleOutput))
#7 /home/vagrant/Code/vendor/symfony/symfony/src/Symfony/Component/Console/Application.php(791): Illuminate\Console\Command->run(Object(Symfony\Component\Console\Input\ArgvInput), Object(Symfony\Component\Console\Output\ConsoleOutput))
#8 /home/vagrant/Code/vendor/symfony/symfony/src/Symfony/Component/Console/Application.php(186): Symfony\Component\Console\Application->doRunCommand(Object(Illuminate\Foundation\Console\OptimizeCommand), Object(Symfony\Component\Console\Input\ArgvInput), Object(Symfony\Component\Console\Output\ConsoleOutput))
#9 /home/vagrant/Code/vendor/symfony/symfony/src/Symfony/Component/Console/Application.php(117): Symfony\Component\Console\Application->doRun(Object(Symfony\Component\Console\Input\ArgvInput), Object(Symfony\Component\Console\Output\ConsoleOutput))
#10 /home/vagrant/Code/vendor/laravel/framework/src/Illuminate/Foundation/Console/Kernel.php(107): Symfony\Component\Console\Application->run(Object(Symfony\Component\Console\Input\ArgvInput), Object(Symfony\Component\Console\Output\ConsoleOutput))
#11 /home/vagrant/Code/artisan(35): Illuminate\Foundation\Console\Kernel->handle(Object(Symfony\Component\Console\Input\ArgvInput), Object(Symfony\Component\Console\Output\ConsoleOutput))
#12 {main}  
[2016-04-29 02:51:17] production.ERROR: RuntimeException: No supported encrypter found. The cipher and / or key length are invalid. in /home/vagrant/Code/vendor/laravel/framework/src/Illuminate/Encryption/EncryptionServiceProvider.php:45
Stack trace:
#0 /home/vagrant/Code/vendor/laravel/framework/src/Illuminate/Encryption/EncryptionServiceProvider.php(25): Illuminate\Encryption\EncryptionServiceProvider->getEncrypterForKeyAndCipher(NULL, 'AES-256-CBC')
#1 /home/vagrant/Code/bootstrap/cache/compiled.php(1339): Illuminate\Encryption\EncryptionServiceProvider->Illuminate\Encryption\{closure}(Object(Illuminate\Foundation\Application), Array)
#2 /home/vagrant/Code/bootstrap/cache/compiled.php(1295): Illuminate\Container\Container->build(Object(Closure), Array)
#3 /home/vagrant/Code/vendor/laravel/framework/src/Illuminate/Foundation/Application.php(697): Illuminate\Container\Container->make('encrypter', Array)
#4 /home/vagrant/Code/bootstrap/cache/compiled.php(1396): Illuminate\Foundation\Application->make('encrypter')
#5 /home/vagrant/Code/bootstrap/cache/compiled.php(1373): Illuminate\Container\Container->resolveClass(Object(ReflectionParameter))
#6 /home/vagrant/Code/bootstrap/cache/compiled.php(1359): Illuminate\Container\Container->getDependencies(Array, Array)
#7 /home/vagrant/Code/bootstrap/cache/compiled.php(1295): Illuminate\Container\Container->build('App\\Http\\Middle...', Array)
#8 /home/vagrant/Code/vendor/laravel/framework/src/Illuminate/Foundation/Application.php(697): Illuminate\Container\Container->make('App\\Http\\Middle...', Array)
#9 /home/vagrant/Code/vendor/laravel/framework/src/Illuminate/Pipeline/Pipeline.php(126): Illuminate\Foundation\Application->make('App\\Http\\Middle...')
#10 [internal function]: Illuminate\Pipeline\Pipeline->Illuminate\Pipeline\{closure}(Object(Illuminate\Http\Request))
#11 /home/vagrant/Code/vendor/laravel/framework/src/Illuminate/Routing/Pipeline.php(32): call_user_func(Object(Closure), Object(Illuminate\Http\Request))
#12 [internal function]: Illuminate\Routing\Pipeline->Illuminate\Routing\{closure}(Object(Illuminate\Http\Request))
#13 /home/vagrant/Code/vendor/laravel/framework/src/Illuminate/Pipeline/Pipeline.php(102): call_user_func(Object(Closure), Object(Illuminate\Http\Request))
#14 /home/vagrant/Code/vendor/laravel/framework/src/Illuminate/Routing/Router.php(726): Illuminate\Pipeline\Pipeline->then(Object(Closure))
#15 /home/vagrant/Code/vendor/laravel/framework/src/Illuminate/Routing/Router.php(699): Illuminate\Routing\Router->runRouteWithinStack(Object(Illuminate\Routing\Route), Object(Illuminate\Http\Request))
#16 /home/vagrant/Code/vendor/laravel/framework/src/Illuminate/Routing/Router.php(675): Illuminate\Routing\Router->dispatchToRoute(Object(Illuminate\Http\Request))
#17 /home/vagrant/Code/vendor/laravel/framework/src/Illuminate/Foundation/Http/Kernel.php(246): Illuminate\Routing\Router->dispatch(Object(Illuminate\Http\Request))
#18 [internal function]: Illuminate\Foundation\Http\Kernel->Illuminate\Foundation\Http\{closure}(Object(Illuminate\Http\Request))
#19 /home/vagrant/Code/vendor/laravel/framework/src/Illuminate/Routing/Pipeline.php(52): call_user_func(Object(Closure), Object(Illuminate\Http\Request))
#20 /home/vagrant/Code/vendor/laravel/framework/src/Illuminate/Foundation/Http/Middleware/CheckForMaintenanceMode.php(44): Illuminate\Routing\Pipeline->Illuminate\Routing\{closure}(Object(Illuminate\Http\Request))
#21 [internal function]: Illuminate\Foundation\Http\Middleware\CheckForMaintenanceMode->handle(Object(Illuminate\Http\Request), Object(Closure))
#22 /home/vagrant/Code/vendor/laravel/framework/src/Illuminate/Pipeline/Pipeline.php(136): call_user_func_array(Array, Array)
#23 [internal function]: Illuminate\Pipeline\Pipeline->Illuminate\Pipeline\{closure}(Object(Illuminate\Http\Request))
#24 /home/vagrant/Code/vendor/laravel/framework/src/Illuminate/Routing/Pipeline.php(32): call_user_func(Object(Closure), Object(Illuminate\Http\Request))
#25 [internal function]: Illuminate\Routing\Pipeline->Illuminate\Routing\{closure}(Object(Illuminate\Http\Request))
#26 /home/vagrant/Code/vendor/laravel/framework/src/Illuminate/Pipeline/Pipeline.php(102): call_user_func(Object(Closure), Object(Illuminate\Http\Request))
#27 /home/vagrant/Code/vendor/laravel/framework/src/Illuminate/Foundation/Http/Kernel.php(132): Illuminate\Pipeline\Pipeline->then(Object(Closure))
#28 /home/vagrant/Code/vendor/laravel/framework/src/Illuminate/Foundation/Http/Kernel.php(99): Illuminate\Foundation\Http\Kernel->sendRequestThroughRouter(Object(Illuminate\Http\Request))
#29 /home/vagrant/Code/public/index.php(53): Illuminate\Foundation\Http\Kernel->handle(Object(Illuminate\Http\Request))
#30 {main}  
[2016-04-29 02:51:17] production.ERROR: RuntimeException: No supported encrypter found. The cipher and / or key length are invalid. in /home/vagrant/Code/vendor/laravel/framework/src/Illuminate/Encryption/EncryptionServiceProvider.php:45
Stack trace:
#0 /home/vagrant/Code/vendor/laravel/framework/src/Illuminate/Encryption/EncryptionServiceProvider.php(25): Illuminate\Encryption\EncryptionServiceProvider->getEncrypterForKeyAndCipher(NULL, 'AES-256-CBC')
#1 /home/vagrant/Code/bootstrap/cache/compiled.php(1339): Illuminate\Encryption\EncryptionServiceProvider->Illuminate\Encryption\{closure}(Object(Illuminate\Foundation\Application), Array)
#2 /home/vagrant/Code/bootstrap/cache/compiled.php(1295): Illuminate\Container\Container->build(Object(Closure), Array)
#3 /home/vagrant/Code/vendor/laravel/framework/src/Illuminate/Foundation/Application.php(697): Illuminate\Container\Container->make('encrypter', Array)
#4 /home/vagrant/Code/bootstrap/cache/compiled.php(1396): Illuminate\Foundation\Application->make('encrypter')
#5 /home/vagrant/Code/bootstrap/cache/compiled.php(1373): Illuminate\Container\Container->resolveClass(Object(ReflectionParameter))
#6 /home/vagrant/Code/bootstrap/cache/compiled.php(1359): Illuminate\Container\Container->getDependencies(Array, Array)
#7 /home/vagrant/Code/bootstrap/cache/compiled.php(1295): Illuminate\Container\Container->build('App\\Http\\Middle...', Array)
#8 /home/vagrant/Code/vendor/laravel/framework/src/Illuminate/Foundation/Application.php(697): Illuminate\Container\Container->make('App\\Http\\Middle...', Array)
#9 /home/vagrant/Code/vendor/laravel/framework/src/Illuminate/Foundation/Http/Kernel.php(152): Illuminate\Foundation\Application->make('App\\Http\\Middle...')
#10 /home/vagrant/Code/public/index.php(58): Illuminate\Foundation\Http\Kernel->terminate(Object(Illuminate\Http\Request), Object(Illuminate\Http\Response))
#11 {main}  
[2016-04-29 02:51:49] local.ERROR: RuntimeException: No supported encrypter found. The cipher and / or key length are invalid. in /home/vagrant/Code/vendor/laravel/framework/src/Illuminate/Encryption/EncryptionServiceProvider.php:45
Stack trace:
#0 /home/vagrant/Code/vendor/laravel/framework/src/Illuminate/Encryption/EncryptionServiceProvider.php(25): Illuminate\Encryption\EncryptionServiceProvider->getEncrypterForKeyAndCipher(NULL, 'AES-256-CBC')
#1 /home/vagrant/Code/bootstrap/cache/compiled.php(1339): Illuminate\Encryption\EncryptionServiceProvider->Illuminate\Encryption\{closure}(Object(Illuminate\Foundation\Application), Array)
#2 /home/vagrant/Code/bootstrap/cache/compiled.php(1295): Illuminate\Container\Container->build(Object(Closure), Array)
#3 /home/vagrant/Code/vendor/laravel/framework/src/Illuminate/Foundation/Application.php(697): Illuminate\Container\Container->make('encrypter', Array)
#4 /home/vagrant/Code/bootstrap/cache/compiled.php(1396): Illuminate\Foundation\Application->make('encrypter')
#5 /home/vagrant/Code/bootstrap/cache/compiled.php(1373): Illuminate\Container\Container->resolveClass(Object(ReflectionParameter))
#6 /home/vagrant/Code/bootstrap/cache/compiled.php(1359): Illuminate\Container\Container->getDependencies(Array, Array)
#7 /home/vagrant/Code/bootstrap/cache/compiled.php(1295): Illuminate\Container\Container->build('App\\Http\\Middle...', Array)
#8 /home/vagrant/Code/vendor/laravel/framework/src/Illuminate/Foundation/Application.php(697): Illuminate\Container\Container->make('App\\Http\\Middle...', Array)
#9 /home/vagrant/Code/vendor/laravel/framework/src/Illuminate/Pipeline/Pipeline.php(126): Illuminate\Foundation\Application->make('App\\Http\\Middle...')
#10 [internal function]: Illuminate\Pipeline\Pipeline->Illuminate\Pipeline\{closure}(Object(Illuminate\Http\Request))
#11 /home/vagrant/Code/vendor/laravel/framework/src/Illuminate/Routing/Pipeline.php(32): call_user_func(Object(Closure), Object(Illuminate\Http\Request))
#12 [internal function]: Illuminate\Routing\Pipeline->Illuminate\Routing\{closure}(Object(Illuminate\Http\Request))
#13 /home/vagrant/Code/vendor/laravel/framework/src/Illuminate/Pipeline/Pipeline.php(102): call_user_func(Object(Closure), Object(Illuminate\Http\Request))
#14 /home/vagrant/Code/vendor/laravel/framework/src/Illuminate/Routing/Router.php(726): Illuminate\Pipeline\Pipeline->then(Object(Closure))
#15 /home/vagrant/Code/vendor/laravel/framework/src/Illuminate/Routing/Router.php(699): Illuminate\Routing\Router->runRouteWithinStack(Object(Illuminate\Routing\Route), Object(Illuminate\Http\Request))
#16 /home/vagrant/Code/vendor/laravel/framework/src/Illuminate/Routing/Router.php(675): Illuminate\Routing\Router->dispatchToRoute(Object(Illuminate\Http\Request))
#17 /home/vagrant/Code/vendor/laravel/framework/src/Illuminate/Foundation/Http/Kernel.php(246): Illuminate\Routing\Router->dispatch(Object(Illuminate\Http\Request))
#18 [internal function]: Illuminate\Foundation\Http\Kernel->Illuminate\Foundation\Http\{closure}(Object(Illuminate\Http\Request))
#19 /home/vagrant/Code/vendor/laravel/framework/src/Illuminate/Routing/Pipeline.php(52): call_user_func(Object(Closure), Object(Illuminate\Http\Request))
#20 /home/vagrant/Code/vendor/laravel/framework/src/Illuminate/Foundation/Http/Middleware/CheckForMaintenanceMode.php(44): Illuminate\Routing\Pipeline->Illuminate\Routing\{closure}(Object(Illuminate\Http\Request))
#21 [internal function]: Illuminate\Foundation\Http\Middleware\CheckForMaintenanceMode->handle(Object(Illuminate\Http\Request), Object(Closure))
#22 /home/vagrant/Code/vendor/laravel/framework/src/Illuminate/Pipeline/Pipeline.php(136): call_user_func_array(Array, Array)
#23 [internal function]: Illuminate\Pipeline\Pipeline->Illuminate\Pipeline\{closure}(Object(Illuminate\Http\Request))
#24 /home/vagrant/Code/vendor/laravel/framework/src/Illuminate/Routing/Pipeline.php(32): call_user_func(Object(Closure), Object(Illuminate\Http\Request))
#25 [internal function]: Illuminate\Routing\Pipeline->Illuminate\Routing\{closure}(Object(Illuminate\Http\Request))
#26 /home/vagrant/Code/vendor/laravel/framework/src/Illuminate/Pipeline/Pipeline.php(102): call_user_func(Object(Closure), Object(Illuminate\Http\Request))
#27 /home/vagrant/Code/vendor/laravel/framework/src/Illuminate/Foundation/Http/Kernel.php(132): Illuminate\Pipeline\Pipeline->then(Object(Closure))
#28 /home/vagrant/Code/vendor/laravel/framework/src/Illuminate/Foundation/Http/Kernel.php(99): Illuminate\Foundation\Http\Kernel->sendRequestThroughRouter(Object(Illuminate\Http\Request))
#29 /home/vagrant/Code/public/index.php(53): Illuminate\Foundation\Http\Kernel->handle(Object(Illuminate\Http\Request))
#30 {main}  
[2016-04-29 02:51:49] local.ERROR: RuntimeException: No supported encrypter found. The cipher and / or key length are invalid. in /home/vagrant/Code/vendor/laravel/framework/src/Illuminate/Encryption/EncryptionServiceProvider.php:45
Stack trace:
#0 /home/vagrant/Code/vendor/laravel/framework/src/Illuminate/Encryption/EncryptionServiceProvider.php(25): Illuminate\Encryption\EncryptionServiceProvider->getEncrypterForKeyAndCipher(NULL, 'AES-256-CBC')
#1 /home/vagrant/Code/bootstrap/cache/compiled.php(1339): Illuminate\Encryption\EncryptionServiceProvider->Illuminate\Encryption\{closure}(Object(Illuminate\Foundation\Application), Array)
#2 /home/vagrant/Code/bootstrap/cache/compiled.php(1295): Illuminate\Container\Container->build(Object(Closure), Array)
#3 /home/vagrant/Code/vendor/laravel/framework/src/Illuminate/Foundation/Application.php(697): Illuminate\Container\Container->make('encrypter', Array)
#4 /home/vagrant/Code/bootstrap/cache/compiled.php(1396): Illuminate\Foundation\Application->make('encrypter')
#5 /home/vagrant/Code/bootstrap/cache/compiled.php(1373): Illuminate\Container\Container->resolveClass(Object(ReflectionParameter))
#6 /home/vagrant/Code/bootstrap/cache/compiled.php(1359): Illuminate\Container\Container->getDependencies(Array, Array)
#7 /home/vagrant/Code/bootstrap/cache/compiled.php(1295): Illuminate\Container\Container->build('App\\Http\\Middle...', Array)
#8 /home/vagrant/Code/vendor/laravel/framework/src/Illuminate/Foundation/Application.php(697): Illuminate\Container\Container->make('App\\Http\\Middle...', Array)
#9 /home/vagrant/Code/vendor/laravel/framework/src/Illuminate/Foundation/Http/Kernel.php(152): Illuminate\Foundation\Application->make('App\\Http\\Middle...')
#10 /home/vagrant/Code/public/index.php(58): Illuminate\Foundation\Http\Kernel->terminate(Object(Illuminate\Http\Request), Object(Illuminate\Http\Response))
#11 {main}  
[2016-04-29 02:51:50] local.ERROR: RuntimeException: No supported encrypter found. The cipher and / or key length are invalid. in /home/vagrant/Code/vendor/laravel/framework/src/Illuminate/Encryption/EncryptionServiceProvider.php:45
Stack trace:
#0 /home/vagrant/Code/vendor/laravel/framework/src/Illuminate/Encryption/EncryptionServiceProvider.php(25): Illuminate\Encryption\EncryptionServiceProvider->getEncrypterForKeyAndCipher(NULL, 'AES-256-CBC')
#1 /home/vagrant/Code/bootstrap/cache/compiled.php(1339): Illuminate\Encryption\EncryptionServiceProvider->Illuminate\Encryption\{closure}(Object(Illuminate\Foundation\Application), Array)
#2 /home/vagrant/Code/bootstrap/cache/compiled.php(1295): Illuminate\Container\Container->build(Object(Closure), Array)
#3 /home/vagrant/Code/vendor/laravel/framework/src/Illuminate/Foundation/Application.php(697): Illuminate\Container\Container->make('encrypter', Array)
#4 /home/vagrant/Code/bootstrap/cache/compiled.php(1396): Illuminate\Foundation\Application->make('encrypter')
#5 /home/vagrant/Code/bootstrap/cache/compiled.php(1373): Illuminate\Container\Container->resolveClass(Object(ReflectionParameter))
#6 /home/vagrant/Code/bootstrap/cache/compiled.php(1359): Illuminate\Container\Container->getDependencies(Array, Array)
#7 /home/vagrant/Code/bootstrap/cache/compiled.php(1295): Illuminate\Container\Container->build('App\\Http\\Middle...', Array)
#8 /home/vagrant/Code/vendor/laravel/framework/src/Illuminate/Foundation/Application.php(697): Illuminate\Container\Container->make('App\\Http\\Middle...', Array)
#9 /home/vagrant/Code/vendor/laravel/framework/src/Illuminate/Pipeline/Pipeline.php(126): Illuminate\Foundation\Application->make('App\\Http\\Middle...')
#10 [internal function]: Illuminate\Pipeline\Pipeline->Illuminate\Pipeline\{closure}(Object(Illuminate\Http\Request))
#11 /home/vagrant/Code/vendor/laravel/framework/src/Illuminate/Routing/Pipeline.php(32): call_user_func(Object(Closure), Object(Illuminate\Http\Request))
#12 [internal function]: Illuminate\Routing\Pipeline->Illuminate\Routing\{closure}(Object(Illuminate\Http\Request))
#13 /home/vagrant/Code/vendor/laravel/framework/src/Illuminate/Pipeline/Pipeline.php(102): call_user_func(Object(Closure), Object(Illuminate\Http\Request))
#14 /home/vagrant/Code/vendor/laravel/framework/src/Illuminate/Routing/Router.php(726): Illuminate\Pipeline\Pipeline->then(Object(Closure))
#15 /home/vagrant/Code/vendor/laravel/framework/src/Illuminate/Routing/Router.php(699): Illuminate\Routing\Router->runRouteWithinStack(Object(Illuminate\Routing\Route), Object(Illuminate\Http\Request))
#16 /home/vagrant/Code/vendor/laravel/framework/src/Illuminate/Routing/Router.php(675): Illuminate\Routing\Router->dispatchToRoute(Object(Illuminate\Http\Request))
#17 /home/vagrant/Code/vendor/laravel/framework/src/Illuminate/Foundation/Http/Kernel.php(246): Illuminate\Routing\Router->dispatch(Object(Illuminate\Http\Request))
#18 [internal function]: Illuminate\Foundation\Http\Kernel->Illuminate\Foundation\Http\{closure}(Object(Illuminate\Http\Request))
#19 /home/vagrant/Code/vendor/laravel/framework/src/Illuminate/Routing/Pipeline.php(52): call_user_func(Object(Closure), Object(Illuminate\Http\Request))
#20 /home/vagrant/Code/vendor/laravel/framework/src/Illuminate/Foundation/Http/Middleware/CheckForMaintenanceMode.php(44): Illuminate\Routing\Pipeline->Illuminate\Routing\{closure}(Object(Illuminate\Http\Request))
#21 [internal function]: Illuminate\Foundation\Http\Middleware\CheckForMaintenanceMode->handle(Object(Illuminate\Http\Request), Object(Closure))
#22 /home/vagrant/Code/vendor/laravel/framework/src/Illuminate/Pipeline/Pipeline.php(136): call_user_func_array(Array, Array)
#23 [internal function]: Illuminate\Pipeline\Pipeline->Illuminate\Pipeline\{closure}(Object(Illuminate\Http\Request))
#24 /home/vagrant/Code/vendor/laravel/framework/src/Illuminate/Routing/Pipeline.php(32): call_user_func(Object(Closure), Object(Illuminate\Http\Request))
#25 [internal function]: Illuminate\Routing\Pipeline->Illuminate\Routing\{closure}(Object(Illuminate\Http\Request))
#26 /home/vagrant/Code/vendor/laravel/framework/src/Illuminate/Pipeline/Pipeline.php(102): call_user_func(Object(Closure), Object(Illuminate\Http\Request))
#27 /home/vagrant/Code/vendor/laravel/framework/src/Illuminate/Foundation/Http/Kernel.php(132): Illuminate\Pipeline\Pipeline->then(Object(Closure))
#28 /home/vagrant/Code/vendor/laravel/framework/src/Illuminate/Foundation/Http/Kernel.php(99): Illuminate\Foundation\Http\Kernel->sendRequestThroughRouter(Object(Illuminate\Http\Request))
#29 /home/vagrant/Code/public/index.php(53): Illuminate\Foundation\Http\Kernel->handle(Object(Illuminate\Http\Request))
#30 {main}  
[2016-04-29 02:51:50] local.ERROR: RuntimeException: No supported encrypter found. The cipher and / or key length are invalid. in /home/vagrant/Code/vendor/laravel/framework/src/Illuminate/Encryption/EncryptionServiceProvider.php:45
Stack trace:
#0 /home/vagrant/Code/vendor/laravel/framework/src/Illuminate/Encryption/EncryptionServiceProvider.php(25): Illuminate\Encryption\EncryptionServiceProvider->getEncrypterForKeyAndCipher(NULL, 'AES-256-CBC')
#1 /home/vagrant/Code/bootstrap/cache/compiled.php(1339): Illuminate\Encryption\EncryptionServiceProvider->Illuminate\Encryption\{closure}(Object(Illuminate\Foundation\Application), Array)
#2 /home/vagrant/Code/bootstrap/cache/compiled.php(1295): Illuminate\Container\Container->build(Object(Closure), Array)
#3 /home/vagrant/Code/vendor/laravel/framework/src/Illuminate/Foundation/Application.php(697): Illuminate\Container\Container->make('encrypter', Array)
#4 /home/vagrant/Code/bootstrap/cache/compiled.php(1396): Illuminate\Foundation\Application->make('encrypter')
#5 /home/vagrant/Code/bootstrap/cache/compiled.php(1373): Illuminate\Container\Container->resolveClass(Object(ReflectionParameter))
#6 /home/vagrant/Code/bootstrap/cache/compiled.php(1359): Illuminate\Container\Container->getDependencies(Array, Array)
#7 /home/vagrant/Code/bootstrap/cache/compiled.php(1295): Illuminate\Container\Container->build('App\\Http\\Middle...', Array)
#8 /home/vagrant/Code/vendor/laravel/framework/src/Illuminate/Foundation/Application.php(697): Illuminate\Container\Container->make('App\\Http\\Middle...', Array)
#9 /home/vagrant/Code/vendor/laravel/framework/src/Illuminate/Foundation/Http/Kernel.php(152): Illuminate\Foundation\Application->make('App\\Http\\Middle...')
#10 /home/vagrant/Code/public/index.php(58): Illuminate\Foundation\Http\Kernel->terminate(Object(Illuminate\Http\Request), Object(Illuminate\Http\Response))
#11 {main}  
[2016-04-29 02:52:03] production.ERROR: RuntimeException: No supported encrypter found. The cipher and / or key length are invalid. in /home/vagrant/Code/vendor/laravel/framework/src/Illuminate/Encryption/EncryptionServiceProvider.php:45
Stack trace:
#0 /home/vagrant/Code/vendor/laravel/framework/src/Illuminate/Encryption/EncryptionServiceProvider.php(25): Illuminate\Encryption\EncryptionServiceProvider->getEncrypterForKeyAndCipher(NULL, 'AES-256-CBC')
#1 /home/vagrant/Code/bootstrap/cache/compiled.php(1339): Illuminate\Encryption\EncryptionServiceProvider->Illuminate\Encryption\{closure}(Object(Illuminate\Foundation\Application), Array)
#2 /home/vagrant/Code/bootstrap/cache/compiled.php(1295): Illuminate\Container\Container->build(Object(Closure), Array)
#3 /home/vagrant/Code/vendor/laravel/framework/src/Illuminate/Foundation/Application.php(697): Illuminate\Container\Container->make('encrypter', Array)
#4 /home/vagrant/Code/bootstrap/cache/compiled.php(1396): Illuminate\Foundation\Application->make('encrypter')
#5 /home/vagrant/Code/bootstrap/cache/compiled.php(1373): Illuminate\Container\Container->resolveClass(Object(ReflectionParameter))
#6 /home/vagrant/Code/bootstrap/cache/compiled.php(1359): Illuminate\Container\Container->getDependencies(Array, Array)
#7 /home/vagrant/Code/bootstrap/cache/compiled.php(1295): Illuminate\Container\Container->build('App\\Http\\Middle...', Array)
#8 /home/vagrant/Code/vendor/laravel/framework/src/Illuminate/Foundation/Application.php(697): Illuminate\Container\Container->make('App\\Http\\Middle...', Array)
#9 /home/vagrant/Code/vendor/laravel/framework/src/Illuminate/Pipeline/Pipeline.php(126): Illuminate\Foundation\Application->make('App\\Http\\Middle...')
#10 [internal function]: Illuminate\Pipeline\Pipeline->Illuminate\Pipeline\{closure}(Object(Illuminate\Http\Request))
#11 /home/vagrant/Code/vendor/laravel/framework/src/Illuminate/Routing/Pipeline.php(32): call_user_func(Object(Closure), Object(Illuminate\Http\Request))
#12 [internal function]: Illuminate\Routing\Pipeline->Illuminate\Routing\{closure}(Object(Illuminate\Http\Request))
#13 /home/vagrant/Code/vendor/laravel/framework/src/Illuminate/Pipeline/Pipeline.php(102): call_user_func(Object(Closure), Object(Illuminate\Http\Request))
#14 /home/vagrant/Code/vendor/laravel/framework/src/Illuminate/Routing/Router.php(726): Illuminate\Pipeline\Pipeline->then(Object(Closure))
#15 /home/vagrant/Code/vendor/laravel/framework/src/Illuminate/Routing/Router.php(699): Illuminate\Routing\Router->runRouteWithinStack(Object(Illuminate\Routing\Route), Object(Illuminate\Http\Request))
#16 /home/vagrant/Code/vendor/laravel/framework/src/Illuminate/Routing/Router.php(675): Illuminate\Routing\Router->dispatchToRoute(Object(Illuminate\Http\Request))
#17 /home/vagrant/Code/vendor/laravel/framework/src/Illuminate/Foundation/Http/Kernel.php(246): Illuminate\Routing\Router->dispatch(Object(Illuminate\Http\Request))
#18 [internal function]: Illuminate\Foundation\Http\Kernel->Illuminate\Foundation\Http\{closure}(Object(Illuminate\Http\Request))
#19 /home/vagrant/Code/vendor/laravel/framework/src/Illuminate/Routing/Pipeline.php(52): call_user_func(Object(Closure), Object(Illuminate\Http\Request))
#20 /home/vagrant/Code/vendor/laravel/framework/src/Illuminate/Foundation/Http/Middleware/CheckForMaintenanceMode.php(44): Illuminate\Routing\Pipeline->Illuminate\Routing\{closure}(Object(Illuminate\Http\Request))
#21 [internal function]: Illuminate\Foundation\Http\Middleware\CheckForMaintenanceMode->handle(Object(Illuminate\Http\Request), Object(Closure))
#22 /home/vagrant/Code/vendor/laravel/framework/src/Illuminate/Pipeline/Pipeline.php(136): call_user_func_array(Array, Array)
#23 [internal function]: Illuminate\Pipeline\Pipeline->Illuminate\Pipeline\{closure}(Object(Illuminate\Http\Request))
#24 /home/vagrant/Code/vendor/laravel/framework/src/Illuminate/Routing/Pipeline.php(32): call_user_func(Object(Closure), Object(Illuminate\Http\Request))
#25 [internal function]: Illuminate\Routing\Pipeline->Illuminate\Routing\{closure}(Object(Illuminate\Http\Request))
#26 /home/vagrant/Code/vendor/laravel/framework/src/Illuminate/Pipeline/Pipeline.php(102): call_user_func(Object(Closure), Object(Illuminate\Http\Request))
#27 /home/vagrant/Code/vendor/laravel/framework/src/Illuminate/Foundation/Http/Kernel.php(132): Illuminate\Pipeline\Pipeline->then(Object(Closure))
#28 /home/vagrant/Code/vendor/laravel/framework/src/Illuminate/Foundation/Http/Kernel.php(99): Illuminate\Foundation\Http\Kernel->sendRequestThroughRouter(Object(Illuminate\Http\Request))
#29 /home/vagrant/Code/public/index.php(53): Illuminate\Foundation\Http\Kernel->handle(Object(Illuminate\Http\Request))
#30 {main}  
[2016-04-29 02:52:03] production.ERROR: RuntimeException: No supported encrypter found. The cipher and / or key length are invalid. in /home/vagrant/Code/vendor/laravel/framework/src/Illuminate/Encryption/EncryptionServiceProvider.php:45
Stack trace:
#0 /home/vagrant/Code/vendor/laravel/framework/src/Illuminate/Encryption/EncryptionServiceProvider.php(25): Illuminate\Encryption\EncryptionServiceProvider->getEncrypterForKeyAndCipher(NULL, 'AES-256-CBC')
#1 /home/vagrant/Code/bootstrap/cache/compiled.php(1339): Illuminate\Encryption\EncryptionServiceProvider->Illuminate\Encryption\{closure}(Object(Illuminate\Foundation\Application), Array)
#2 /home/vagrant/Code/bootstrap/cache/compiled.php(1295): Illuminate\Container\Container->build(Object(Closure), Array)
#3 /home/vagrant/Code/vendor/laravel/framework/src/Illuminate/Foundation/Application.php(697): Illuminate\Container\Container->make('encrypter', Array)
#4 /home/vagrant/Code/bootstrap/cache/compiled.php(1396): Illuminate\Foundation\Application->make('encrypter')
#5 /home/vagrant/Code/bootstrap/cache/compiled.php(1373): Illuminate\Container\Container->resolveClass(Object(ReflectionParameter))
#6 /home/vagrant/Code/bootstrap/cache/compiled.php(1359): Illuminate\Container\Container->getDependencies(Array, Array)
#7 /home/vagrant/Code/bootstrap/cache/compiled.php(1295): Illuminate\Container\Container->build('App\\Http\\Middle...', Array)
#8 /home/vagrant/Code/vendor/laravel/framework/src/Illuminate/Foundation/Application.php(697): Illuminate\Container\Container->make('App\\Http\\Middle...', Array)
#9 /home/vagrant/Code/vendor/laravel/framework/src/Illuminate/Foundation/Http/Kernel.php(152): Illuminate\Foundation\Application->make('App\\Http\\Middle...')
#10 /home/vagrant/Code/public/index.php(58): Illuminate\Foundation\Http\Kernel->terminate(Object(Illuminate\Http\Request), Object(Illuminate\Http\Response))
#11 {main}  
[2016-04-29 02:53:04] production.ERROR: ErrorException: file_get_contents(/home/vagrant/Code/.env): failed to open stream: No such file or directory in /home/vagrant/Code/vendor/laravel/framework/src/Illuminate/Foundation/Console/KeyGenerateCommand.php:57
Stack trace:
#0 [internal function]: Illuminate\Foundation\Bootstrap\HandleExceptions->handleError(2, 'file_get_conten...', '/home/vagrant/C...', 57, Array)
#1 /home/vagrant/Code/vendor/laravel/framework/src/Illuminate/Foundation/Console/KeyGenerateCommand.php(57): file_get_contents('/home/vagrant/C...')
#2 /home/vagrant/Code/vendor/laravel/framework/src/Illuminate/Foundation/Console/KeyGenerateCommand.php(39): Illuminate\Foundation\Console\KeyGenerateCommand->setKeyInEnvironmentFile('base64:2hO01y/h...')
#3 [internal function]: Illuminate\Foundation\Console\KeyGenerateCommand->fire()
#4 /home/vagrant/Code/bootstrap/cache/compiled.php(1240): call_user_func_array(Array, Array)
#5 /home/vagrant/Code/vendor/laravel/framework/src/Illuminate/Console/Command.php(169): Illuminate\Container\Container->call(Array)
#6 /home/vagrant/Code/vendor/symfony/symfony/src/Symfony/Component/Console/Command/Command.php(256): Illuminate\Console\Command->execute(Object(Symfony\Component\Console\Input\ArgvInput), Object(Symfony\Component\Console\Output\ConsoleOutput))
#7 /home/vagrant/Code/vendor/laravel/framework/src/Illuminate/Console/Command.php(155): Symfony\Component\Console\Command\Command->run(Object(Symfony\Component\Console\Input\ArgvInput), Object(Symfony\Component\Console\Output\ConsoleOutput))
#8 /home/vagrant/Code/vendor/symfony/symfony/src/Symfony/Component/Console/Application.php(791): Illuminate\Console\Command->run(Object(Symfony\Component\Console\Input\ArgvInput), Object(Symfony\Component\Console\Output\ConsoleOutput))
#9 /home/vagrant/Code/vendor/symfony/symfony/src/Symfony/Component/Console/Application.php(186): Symfony\Component\Console\Application->doRunCommand(Object(Illuminate\Foundation\Console\KeyGenerateCommand), Object(Symfony\Component\Console\Input\ArgvInput), Object(Symfony\Component\Console\Output\ConsoleOutput))
#10 /home/vagrant/Code/vendor/symfony/symfony/src/Symfony/Component/Console/Application.php(117): Symfony\Component\Console\Application->doRun(Object(Symfony\Component\Console\Input\ArgvInput), Object(Symfony\Component\Console\Output\ConsoleOutput))
#11 /home/vagrant/Code/vendor/laravel/framework/src/Illuminate/Foundation/Console/Kernel.php(107): Symfony\Component\Console\Application->run(Object(Symfony\Component\Console\Input\ArgvInput), Object(Symfony\Component\Console\Output\ConsoleOutput))
#12 /home/vagrant/Code/artisan(35): Illuminate\Foundation\Console\Kernel->handle(Object(Symfony\Component\Console\Input\ArgvInput), Object(Symfony\Component\Console\Output\ConsoleOutput))
#13 {main}  
[2016-04-29 02:53:36] local.ERROR: ErrorException: file_put_contents(/adcd254aec892c0b746f63268cb6d9998d996e59.php): failed to open stream: Permission denied in /home/vagrant/Code/vendor/laravel/framework/src/Illuminate/Filesystem/Filesystem.php:109
Stack trace:
#0 [internal function]: Illuminate\Foundation\Bootstrap\HandleExceptions->handleError(2, 'file_put_conten...', '/home/vagrant/C...', 109, Array)
#1 /home/vagrant/Code/vendor/laravel/framework/src/Illuminate/Filesystem/Filesystem.php(109): file_put_contents('/adcd254aec892c...', '<!DOCTYPE html>...', 0)
#2 /home/vagrant/Code/vendor/laravel/framework/src/Illuminate/View/Compilers/BladeCompiler.php(116): Illuminate\Filesystem\Filesystem->put('/adcd254aec892c...', '<!DOCTYPE html>...')
#3 /home/vagrant/Code/vendor/laravel/framework/src/Illuminate/View/Engines/CompilerEngine.php(51): Illuminate\View\Compilers\BladeCompiler->compile('/home/vagrant/C...')
#4 /home/vagrant/Code/vendor/laravel/framework/src/Illuminate/View/View.php(149): Illuminate\View\Engines\CompilerEngine->get('/home/vagrant/C...', Array)
#5 /home/vagrant/Code/vendor/laravel/framework/src/Illuminate/View/View.php(120): Illuminate\View\View->getContents()
#6 /home/vagrant/Code/vendor/laravel/framework/src/Illuminate/View/View.php(85): Illuminate\View\View->renderContents()
#7 /home/vagrant/Code/vendor/laravel/framework/src/Illuminate/Http/Response.php(53): Illuminate\View\View->render()
#8 /home/vagrant/Code/vendor/symfony/symfony/src/Symfony/Component/HttpFoundation/Response.php(199): Illuminate\Http\Response->setContent(Object(Illuminate\View\View))
#9 /home/vagrant/Code/vendor/laravel/framework/src/Illuminate/Routing/Router.php(1087): Symfony\Component\HttpFoundation\Response->__construct(Object(Illuminate\View\View))
#10 /home/vagrant/Code/vendor/laravel/framework/src/Illuminate/Routing/Router.php(724): Illuminate\Routing\Router->prepareResponse(Object(Illuminate\Http\Request), Object(Illuminate\View\View))
#11 [internal function]: Illuminate\Routing\Router->Illuminate\Routing\{closure}(Object(Illuminate\Http\Request))
#12 /home/vagrant/Code/vendor/laravel/framework/src/Illuminate/Routing/Pipeline.php(52): call_user_func(Object(Closure), Object(Illuminate\Http\Request))
#13 /home/vagrant/Code/vendor/laravel/framework/src/Illuminate/Foundation/Http/Middleware/VerifyCsrfToken.php(64): Illuminate\Routing\Pipeline->Illuminate\Routing\{closure}(Object(Illuminate\Http\Request))
#14 [internal function]: Illuminate\Foundation\Http\Middleware\VerifyCsrfToken->handle(Object(Illuminate\Http\Request), Object(Closure))
#15 /home/vagrant/Code/vendor/laravel/framework/src/Illuminate/Pipeline/Pipeline.php(136): call_user_func_array(Array, Array)
#16 [internal function]: Illuminate\Pipeline\Pipeline->Illuminate\Pipeline\{closure}(Object(Illuminate\Http\Request))
#17 /home/vagrant/Code/vendor/laravel/framework/src/Illuminate/Routing/Pipeline.php(32): call_user_func(Object(Closure), Object(Illuminate\Http\Request))
#18 /home/vagrant/Code/vendor/laravel/framework/src/Illuminate/View/Middleware/ShareErrorsFromSession.php(49): Illuminate\Routing\Pipeline->Illuminate\Routing\{closure}(Object(Illuminate\Http\Request))
#19 [internal function]: Illuminate\View\Middleware\ShareErrorsFromSession->handle(Object(Illuminate\Http\Request), Object(Closure))
#20 /home/vagrant/Code/vendor/laravel/framework/src/Illuminate/Pipeline/Pipeline.php(136): call_user_func_array(Array, Array)
#21 [internal function]: Illuminate\Pipeline\Pipeline->Illuminate\Pipeline\{closure}(Object(Illuminate\Http\Request))
#22 /home/vagrant/Code/vendor/laravel/framework/src/Illuminate/Routing/Pipeline.php(32): call_user_func(Object(Closure), Object(Illuminate\Http\Request))
#23 /home/vagrant/Code/vendor/laravel/framework/src/Illuminate/Session/Middleware/StartSession.php(62): Illuminate\Routing\Pipeline->Illuminate\Routing\{closure}(Object(Illuminate\Http\Request))
#24 [internal function]: Illuminate\Session\Middleware\StartSession->handle(Object(Illuminate\Http\Request), Object(Closure))
#25 /home/vagrant/Code/vendor/laravel/framework/src/Illuminate/Pipeline/Pipeline.php(136): call_user_func_array(Array, Array)
#26 [internal function]: Illuminate\Pipeline\Pipeline->Illuminate\Pipeline\{closure}(Object(Illuminate\Http\Request))
#27 /home/vagrant/Code/vendor/laravel/framework/src/Illuminate/Routing/Pipeline.php(32): call_user_func(Object(Closure), Object(Illuminate\Http\Request))
#28 /home/vagrant/Code/vendor/laravel/framework/src/Illuminate/Cookie/Middleware/AddQueuedCookiesToResponse.php(37): Illuminate\Routing\Pipeline->Illuminate\Routing\{closure}(Object(Illuminate\Http\Request))
#29 [internal function]: Illuminate\Cookie\Middleware\AddQueuedCookiesToResponse->handle(Object(Illuminate\Http\Request), Object(Closure))
#30 /home/vagrant/Code/vendor/laravel/framework/src/Illuminate/Pipeline/Pipeline.php(136): call_user_func_array(Array, Array)
#31 [internal function]: Illuminate\Pipeline\Pipeline->Illuminate\Pipeline\{closure}(Object(Illuminate\Http\Request))
#32 /home/vagrant/Code/vendor/laravel/framework/src/Illuminate/Routing/Pipeline.php(32): call_user_func(Object(Closure), Object(Illuminate\Http\Request))
#33 /home/vagrant/Code/vendor/laravel/framework/src/Illuminate/Cookie/Middleware/EncryptCookies.php(59): Illuminate\Routing\Pipeline->Illuminate\Routing\{closure}(Object(Illuminate\Http\Request))
#34 [internal function]: Illuminate\Cookie\Middleware\EncryptCookies->handle(Object(Illuminate\Http\Request), Object(Closure))
#35 /home/vagrant/Code/vendor/laravel/framework/src/Illuminate/Pipeline/Pipeline.php(136): call_user_func_array(Array, Array)
#36 [internal function]: Illuminate\Pipeline\Pipeline->Illuminate\Pipeline\{closure}(Object(Illuminate\Http\Request))
#37 /home/vagrant/Code/vendor/laravel/framework/src/Illuminate/Routing/Pipeline.php(32): call_user_func(Object(Closure), Object(Illuminate\Http\Request))
#38 [internal function]: Illuminate\Routing\Pipeline->Illuminate\Routing\{closure}(Object(Illuminate\Http\Request))
#39 /home/vagrant/Code/vendor/laravel/framework/src/Illuminate/Pipeline/Pipeline.php(102): call_user_func(Object(Closure), Object(Illuminate\Http\Request))
#40 /home/vagrant/Code/vendor/laravel/framework/src/Illuminate/Routing/Router.php(726): Illuminate\Pipeline\Pipeline->then(Object(Closure))
#41 /home/vagrant/Code/vendor/laravel/framework/src/Illuminate/Routing/Router.php(699): Illuminate\Routing\Router->runRouteWithinStack(Object(Illuminate\Routing\Route), Object(Illuminate\Http\Request))
#42 /home/vagrant/Code/vendor/laravel/framework/src/Illuminate/Routing/Router.php(675): Illuminate\Routing\Router->dispatchToRoute(Object(Illuminate\Http\Request))
#43 /home/vagrant/Code/vendor/laravel/framework/src/Illuminate/Foundation/Http/Kernel.php(246): Illuminate\Routing\Router->dispatch(Object(Illuminate\Http\Request))
#44 [internal function]: Illuminate\Foundation\Http\Kernel->Illuminate\Foundation\Http\{closure}(Object(Illuminate\Http\Request))
#45 /home/vagrant/Code/vendor/laravel/framework/src/Illuminate/Routing/Pipeline.php(52): call_user_func(Object(Closure), Object(Illuminate\Http\Request))
#46 /home/vagrant/Code/vendor/laravel/framework/src/Illuminate/Foundation/Http/Middleware/CheckForMaintenanceMode.php(44): Illuminate\Routing\Pipeline->Illuminate\Routing\{closure}(Object(Illuminate\Http\Request))
#47 [internal function]: Illuminate\Foundation\Http\Middleware\CheckForMaintenanceMode->handle(Object(Illuminate\Http\Request), Object(Closure))
#48 /home/vagrant/Code/vendor/laravel/framework/src/Illuminate/Pipeline/Pipeline.php(136): call_user_func_array(Array, Array)
#49 [internal function]: Illuminate\Pipeline\Pipeline->Illuminate\Pipeline\{closure}(Object(Illuminate\Http\Request))
#50 /home/vagrant/Code/vendor/laravel/framework/src/Illuminate/Routing/Pipeline.php(32): call_user_func(Object(Closure), Object(Illuminate\Http\Request))
#51 [internal function]: Illuminate\Routing\Pipeline->Illuminate\Routing\{closure}(Object(Illuminate\Http\Request))
#52 /home/vagrant/Code/vendor/laravel/framework/src/Illuminate/Pipeline/Pipeline.php(102): call_user_func(Object(Closure), Object(Illuminate\Http\Request))
#53 /home/vagrant/Code/vendor/laravel/framework/src/Illuminate/Foundation/Http/Kernel.php(132): Illuminate\Pipeline\Pipeline->then(Object(Closure))
#54 /home/vagrant/Code/vendor/laravel/framework/src/Illuminate/Foundation/Http/Kernel.php(99): Illuminate\Foundation\Http\Kernel->sendRequestThroughRouter(Object(Illuminate\Http\Request))
#55 /home/vagrant/Code/public/index.php(53): Illuminate\Foundation\Http\Kernel->handle(Object(Illuminate\Http\Request))
#56 {main}  
[2016-04-29 02:53:36] local.ERROR: ErrorException: file_put_contents(/home/vagrant/Code/storage/framework/sessions/9906e84f479c88a5f62d5adb866d10498ad76e59): failed to open stream: No such file or directory in /home/vagrant/Code/vendor/laravel/framework/src/Illuminate/Filesystem/Filesystem.php:109
Stack trace:
#0 [internal function]: Illuminate\Foundation\Bootstrap\HandleExceptions->handleError(2, 'file_put_conten...', '/home/vagrant/C...', 109, Array)
#1 /home/vagrant/Code/vendor/laravel/framework/src/Illuminate/Filesystem/Filesystem.php(109): file_put_contents('/home/vagrant/C...', 'a:4:{s:6:"_toke...', 2)
#2 /home/vagrant/Code/vendor/laravel/framework/src/Illuminate/Session/FileSessionHandler.php(71): Illuminate\Filesystem\Filesystem->put('/home/vagrant/C...', 'a:4:{s:6:"_toke...', true)
#3 /home/vagrant/Code/vendor/laravel/framework/src/Illuminate/Session/Store.php(262): Illuminate\Session\FileSessionHandler->write('9906e84f479c88a...', 'a:4:{s:6:"_toke...')
#4 /home/vagrant/Code/vendor/laravel/framework/src/Illuminate/Session/Middleware/StartSession.php(88): Illuminate\Session\Store->save()
#5 /home/vagrant/Code/vendor/laravel/framework/src/Illuminate/Foundation/Http/Kernel.php(155): Illuminate\Session\Middleware\StartSession->terminate(Object(Illuminate\Http\Request), Object(Illuminate\Http\Response))
#6 /home/vagrant/Code/public/index.php(58): Illuminate\Foundation\Http\Kernel->terminate(Object(Illuminate\Http\Request), Object(Illuminate\Http\Response))
#7 {main}  
[2016-04-29 02:58:41] local.ERROR: ErrorException: file_put_contents(/adcd254aec892c0b746f63268cb6d9998d996e59.php): failed to open stream: Permission denied in /home/vagrant/Code/vendor/laravel/framework/src/Illuminate/Filesystem/Filesystem.php:109
Stack trace:
#0 [internal function]: Illuminate\Foundation\Bootstrap\HandleExceptions->handleError(2, 'file_put_conten...', '/home/vagrant/C...', 109, Array)
#1 /home/vagrant/Code/vendor/laravel/framework/src/Illuminate/Filesystem/Filesystem.php(109): file_put_contents('/adcd254aec892c...', '<!DOCTYPE html>...', 0)
#2 /home/vagrant/Code/vendor/laravel/framework/src/Illuminate/View/Compilers/BladeCompiler.php(116): Illuminate\Filesystem\Filesystem->put('/adcd254aec892c...', '<!DOCTYPE html>...')
#3 /home/vagrant/Code/vendor/laravel/framework/src/Illuminate/View/Engines/CompilerEngine.php(51): Illuminate\View\Compilers\BladeCompiler->compile('/home/vagrant/C...')
#4 /home/vagrant/Code/vendor/laravel/framework/src/Illuminate/View/View.php(149): Illuminate\View\Engines\CompilerEngine->get('/home/vagrant/C...', Array)
#5 /home/vagrant/Code/vendor/laravel/framework/src/Illuminate/View/View.php(120): Illuminate\View\View->getContents()
#6 /home/vagrant/Code/vendor/laravel/framework/src/Illuminate/View/View.php(85): Illuminate\View\View->renderContents()
#7 /home/vagrant/Code/vendor/laravel/framework/src/Illuminate/Http/Response.php(53): Illuminate\View\View->render()
#8 /home/vagrant/Code/vendor/symfony/symfony/src/Symfony/Component/HttpFoundation/Response.php(199): Illuminate\Http\Response->setContent(Object(Illuminate\View\View))
#9 /home/vagrant/Code/vendor/laravel/framework/src/Illuminate/Routing/Router.php(1087): Symfony\Component\HttpFoundation\Response->__construct(Object(Illuminate\View\View))
#10 /home/vagrant/Code/vendor/laravel/framework/src/Illuminate/Routing/Router.php(724): Illuminate\Routing\Router->prepareResponse(Object(Illuminate\Http\Request), Object(Illuminate\View\View))
#11 [internal function]: Illuminate\Routing\Router->Illuminate\Routing\{closure}(Object(Illuminate\Http\Request))
#12 /home/vagrant/Code/vendor/laravel/framework/src/Illuminate/Routing/Pipeline.php(52): call_user_func(Object(Closure), Object(Illuminate\Http\Request))
#13 /home/vagrant/Code/vendor/laravel/framework/src/Illuminate/Foundation/Http/Middleware/VerifyCsrfToken.php(64): Illuminate\Routing\Pipeline->Illuminate\Routing\{closure}(Object(Illuminate\Http\Request))
#14 [internal function]: Illuminate\Foundation\Http\Middleware\VerifyCsrfToken->handle(Object(Illuminate\Http\Request), Object(Closure))
#15 /home/vagrant/Code/vendor/laravel/framework/src/Illuminate/Pipeline/Pipeline.php(136): call_user_func_array(Array, Array)
#16 [internal function]: Illuminate\Pipeline\Pipeline->Illuminate\Pipeline\{closure}(Object(Illuminate\Http\Request))
#17 /home/vagrant/Code/vendor/laravel/framework/src/Illuminate/Routing/Pipeline.php(32): call_user_func(Object(Closure), Object(Illuminate\Http\Request))
#18 /home/vagrant/Code/vendor/laravel/framework/src/Illuminate/View/Middleware/ShareErrorsFromSession.php(49): Illuminate\Routing\Pipeline->Illuminate\Routing\{closure}(Object(Illuminate\Http\Request))
#19 [internal function]: Illuminate\View\Middleware\ShareErrorsFromSession->handle(Object(Illuminate\Http\Request), Object(Closure))
#20 /home/vagrant/Code/vendor/laravel/framework/src/Illuminate/Pipeline/Pipeline.php(136): call_user_func_array(Array, Array)
#21 [internal function]: Illuminate\Pipeline\Pipeline->Illuminate\Pipeline\{closure}(Object(Illuminate\Http\Request))
#22 /home/vagrant/Code/vendor/laravel/framework/src/Illuminate/Routing/Pipeline.php(32): call_user_func(Object(Closure), Object(Illuminate\Http\Request))
#23 /home/vagrant/Code/vendor/laravel/framework/src/Illuminate/Session/Middleware/StartSession.php(62): Illuminate\Routing\Pipeline->Illuminate\Routing\{closure}(Object(Illuminate\Http\Request))
#24 [internal function]: Illuminate\Session\Middleware\StartSession->handle(Object(Illuminate\Http\Request), Object(Closure))
#25 /home/vagrant/Code/vendor/laravel/framework/src/Illuminate/Pipeline/Pipeline.php(136): call_user_func_array(Array, Array)
#26 [internal function]: Illuminate\Pipeline\Pipeline->Illuminate\Pipeline\{closure}(Object(Illuminate\Http\Request))
#27 /home/vagrant/Code/vendor/laravel/framework/src/Illuminate/Routing/Pipeline.php(32): call_user_func(Object(Closure), Object(Illuminate\Http\Request))
#28 /home/vagrant/Code/vendor/laravel/framework/src/Illuminate/Cookie/Middleware/AddQueuedCookiesToResponse.php(37): Illuminate\Routing\Pipeline->Illuminate\Routing\{closure}(Object(Illuminate\Http\Request))
#29 [internal function]: Illuminate\Cookie\Middleware\AddQueuedCookiesToResponse->handle(Object(Illuminate\Http\Request), Object(Closure))
#30 /home/vagrant/Code/vendor/laravel/framework/src/Illuminate/Pipeline/Pipeline.php(136): call_user_func_array(Array, Array)
#31 [internal function]: Illuminate\Pipeline\Pipeline->Illuminate\Pipeline\{closure}(Object(Illuminate\Http\Request))
#32 /home/vagrant/Code/vendor/laravel/framework/src/Illuminate/Routing/Pipeline.php(32): call_user_func(Object(Closure), Object(Illuminate\Http\Request))
#33 /home/vagrant/Code/vendor/laravel/framework/src/Illuminate/Cookie/Middleware/EncryptCookies.php(59): Illuminate\Routing\Pipeline->Illuminate\Routing\{closure}(Object(Illuminate\Http\Request))
#34 [internal function]: Illuminate\Cookie\Middleware\EncryptCookies->handle(Object(Illuminate\Http\Request), Object(Closure))
#35 /home/vagrant/Code/vendor/laravel/framework/src/Illuminate/Pipeline/Pipeline.php(136): call_user_func_array(Array, Array)
#36 [internal function]: Illuminate\Pipeline\Pipeline->Illuminate\Pipeline\{closure}(Object(Illuminate\Http\Request))
#37 /home/vagrant/Code/vendor/laravel/framework/src/Illuminate/Routing/Pipeline.php(32): call_user_func(Object(Closure), Object(Illuminate\Http\Request))
#38 [internal function]: Illuminate\Routing\Pipeline->Illuminate\Routing\{closure}(Object(Illuminate\Http\Request))
#39 /home/vagrant/Code/vendor/laravel/framework/src/Illuminate/Pipeline/Pipeline.php(102): call_user_func(Object(Closure), Object(Illuminate\Http\Request))
#40 /home/vagrant/Code/vendor/laravel/framework/src/Illuminate/Routing/Router.php(726): Illuminate\Pipeline\Pipeline->then(Object(Closure))
#41 /home/vagrant/Code/vendor/laravel/framework/src/Illuminate/Routing/Router.php(699): Illuminate\Routing\Router->runRouteWithinStack(Object(Illuminate\Routing\Route), Object(Illuminate\Http\Request))
#42 /home/vagrant/Code/vendor/laravel/framework/src/Illuminate/Routing/Router.php(675): Illuminate\Routing\Router->dispatchToRoute(Object(Illuminate\Http\Request))
#43 /home/vagrant/Code/vendor/laravel/framework/src/Illuminate/Foundation/Http/Kernel.php(246): Illuminate\Routing\Router->dispatch(Object(Illuminate\Http\Request))
#44 [internal function]: Illuminate\Foundation\Http\Kernel->Illuminate\Foundation\Http\{closure}(Object(Illuminate\Http\Request))
#45 /home/vagrant/Code/vendor/laravel/framework/src/Illuminate/Routing/Pipeline.php(52): call_user_func(Object(Closure), Object(Illuminate\Http\Request))
#46 /home/vagrant/Code/vendor/laravel/framework/src/Illuminate/Foundation/Http/Middleware/CheckForMaintenanceMode.php(44): Illuminate\Routing\Pipeline->Illuminate\Routing\{closure}(Object(Illuminate\Http\Request))
#47 [internal function]: Illuminate\Foundation\Http\Middleware\CheckForMaintenanceMode->handle(Object(Illuminate\Http\Request), Object(Closure))
#48 /home/vagrant/Code/vendor/laravel/framework/src/Illuminate/Pipeline/Pipeline.php(136): call_user_func_array(Array, Array)
#49 [internal function]: Illuminate\Pipeline\Pipeline->Illuminate\Pipeline\{closure}(Object(Illuminate\Http\Request))
#50 /home/vagrant/Code/vendor/laravel/framework/src/Illuminate/Routing/Pipeline.php(32): call_user_func(Object(Closure), Object(Illuminate\Http\Request))
#51 [internal function]: Illuminate\Routing\Pipeline->Illuminate\Routing\{closure}(Object(Illuminate\Http\Request))
#52 /home/vagrant/Code/vendor/laravel/framework/src/Illuminate/Pipeline/Pipeline.php(102): call_user_func(Object(Closure), Object(Illuminate\Http\Request))
#53 /home/vagrant/Code/vendor/laravel/framework/src/Illuminate/Foundation/Http/Kernel.php(132): Illuminate\Pipeline\Pipeline->then(Object(Closure))
#54 /home/vagrant/Code/vendor/laravel/framework/src/Illuminate/Foundation/Http/Kernel.php(99): Illuminate\Foundation\Http\Kernel->sendRequestThroughRouter(Object(Illuminate\Http\Request))
#55 /home/vagrant/Code/public/index.php(53): Illuminate\Foundation\Http\Kernel->handle(Object(Illuminate\Http\Request))
#56 {main}  
[2016-04-29 02:58:41] local.ERROR: ErrorException: file_put_contents(/home/vagrant/Code/storage/framework/sessions/9906e84f479c88a5f62d5adb866d10498ad76e59): failed to open stream: No such file or directory in /home/vagrant/Code/vendor/laravel/framework/src/Illuminate/Filesystem/Filesystem.php:109
Stack trace:
#0 [internal function]: Illuminate\Foundation\Bootstrap\HandleExceptions->handleError(2, 'file_put_conten...', '/home/vagrant/C...', 109, Array)
#1 /home/vagrant/Code/vendor/laravel/framework/src/Illuminate/Filesystem/Filesystem.php(109): file_put_contents('/home/vagrant/C...', 'a:4:{s:6:"_toke...', 2)
#2 /home/vagrant/Code/vendor/laravel/framework/src/Illuminate/Session/FileSessionHandler.php(71): Illuminate\Filesystem\Filesystem->put('/home/vagrant/C...', 'a:4:{s:6:"_toke...', true)
#3 /home/vagrant/Code/vendor/laravel/framework/src/Illuminate/Session/Store.php(262): Illuminate\Session\FileSessionHandler->write('9906e84f479c88a...', 'a:4:{s:6:"_toke...')
#4 /home/vagrant/Code/vendor/laravel/framework/src/Illuminate/Session/Middleware/StartSession.php(88): Illuminate\Session\Store->save()
#5 /home/vagrant/Code/vendor/laravel/framework/src/Illuminate/Foundation/Http/Kernel.php(155): Illuminate\Session\Middleware\StartSession->terminate(Object(Illuminate\Http\Request), Object(Illuminate\Http\Response))
#6 /home/vagrant/Code/public/index.php(58): Illuminate\Foundation\Http\Kernel->terminate(Object(Illuminate\Http\Request), Object(Illuminate\Http\Response))
#7 {main}  
[2016-04-29 02:59:35] local.ERROR: ErrorException: file_put_contents(/home/vagrant/Code/storage/framework/sessions/9906e84f479c88a5f62d5adb866d10498ad76e59): failed to open stream: No such file or directory in /home/vagrant/Code/vendor/laravel/framework/src/Illuminate/Filesystem/Filesystem.php:109
Stack trace:
#0 [internal function]: Illuminate\Foundation\Bootstrap\HandleExceptions->handleError(2, 'file_put_conten...', '/home/vagrant/C...', 109, Array)
#1 /home/vagrant/Code/vendor/laravel/framework/src/Illuminate/Filesystem/Filesystem.php(109): file_put_contents('/home/vagrant/C...', 'a:4:{s:6:"_toke...', 2)
#2 /home/vagrant/Code/vendor/laravel/framework/src/Illuminate/Session/FileSessionHandler.php(71): Illuminate\Filesystem\Filesystem->put('/home/vagrant/C...', 'a:4:{s:6:"_toke...', true)
#3 /home/vagrant/Code/vendor/laravel/framework/src/Illuminate/Session/Store.php(262): Illuminate\Session\FileSessionHandler->write('9906e84f479c88a...', 'a:4:{s:6:"_toke...')
#4 /home/vagrant/Code/vendor/laravel/framework/src/Illuminate/Session/Middleware/StartSession.php(88): Illuminate\Session\Store->save()
#5 /home/vagrant/Code/vendor/laravel/framework/src/Illuminate/Foundation/Http/Kernel.php(155): Illuminate\Session\Middleware\StartSession->terminate(Object(Illuminate\Http\Request), Object(Illuminate\Http\Response))
#6 /home/vagrant/Code/public/index.php(58): Illuminate\Foundation\Http\Kernel->terminate(Object(Illuminate\Http\Request), Object(Illuminate\Http\Response))
#7 {main}  
[2016-04-29 02:59:35] local.ERROR: ErrorException: file_put_contents(/home/vagrant/Code/storage/framework/sessions/9906e84f479c88a5f62d5adb866d10498ad76e59): failed to open stream: No such file or directory in /home/vagrant/Code/vendor/laravel/framework/src/Illuminate/Filesystem/Filesystem.php:109
Stack trace:
#0 [internal function]: Illuminate\Foundation\Bootstrap\HandleExceptions->handleError(2, 'file_put_conten...', '/home/vagrant/C...', 109, Array)
#1 /home/vagrant/Code/vendor/laravel/framework/src/Illuminate/Filesystem/Filesystem.php(109): file_put_contents('/home/vagrant/C...', 'a:4:{s:6:"_toke...', 2)
#2 /home/vagrant/Code/vendor/laravel/framework/src/Illuminate/Session/FileSessionHandler.php(71): Illuminate\Filesystem\Filesystem->put('/home/vagrant/C...', 'a:4:{s:6:"_toke...', true)
#3 /home/vagrant/Code/vendor/laravel/framework/src/Illuminate/Session/Store.php(262): Illuminate\Session\FileSessionHandler->write('9906e84f479c88a...', 'a:4:{s:6:"_toke...')
#4 /home/vagrant/Code/vendor/laravel/framework/src/Illuminate/Session/Middleware/StartSession.php(88): Illuminate\Session\Store->save()
#5 /home/vagrant/Code/vendor/laravel/framework/src/Illuminate/Foundation/Http/Kernel.php(155): Illuminate\Session\Middleware\StartSession->terminate(Object(Illuminate\Http\Request), Object(Illuminate\Http\Response))
#6 /home/vagrant/Code/public/index.php(58): Illuminate\Foundation\Http\Kernel->terminate(Object(Illuminate\Http\Request), Object(Illuminate\Http\Response))
#7 {main}  
